2026-03-25 08:24:11,289 | INFO | === Запуск приложения TaskTracker ===
2026-03-25 08:24:11,381 | INFO | Данные пользователей загружены
2026-03-25 08:24:11,381 | INFO | Данные задач загружены
2026-03-25 08:24:14,390 | INFO | Завершение работы приложения
2026-03-25 08:29:39,531 | INFO | === Запуск приложения TaskTracker ===
2026-03-25 08:29:39,622 | INFO | Данные пользователей загружены
2026-03-25 08:29:39,623 | INFO | Данные задач загружены
2026-03-25 08:29:49,261 | WARNING | Пустое поле логина при регистрации
2026-03-25 08:29:51,590 | INFO | Попытка входа пользователя: 
2026-03-25 08:29:51,590 | WARNING | Неверный логин или пароль для: 
2026-03-25 08:29:54,663 | INFO | Данные пользователей сохранены
2026-03-25 08:29:54,663 | INFO | Успешная регистрация пользователя: 123
2026-03-25 08:29:57,006 | INFO | Попытка входа пользователя: 123
2026-03-25 08:29:57,007 | INFO | Успешный вход пользователя: 123
2026-03-25 08:29:58,901 | INFO | Данные задач сохранены
2026-03-25 08:29:58,901 | INFO | Создана задача пользователем 123: 123
2026-03-25 08:30:00,399 | WARNING | Попытка отметить задачу без выделения
2026-03-25 08:35:45,607 | WARNING | Попытка регистрации с коротким паролем для пользователя: 123
2026-03-25 08:35:47,991 | INFO | Попытка входа пользователя: 123
2026-03-25 08:35:47,991 | WARNING | Неверный логин или пароль для: 123
2026-03-25 08:37:03,617 | INFO | Завершение работы приложения
